<?xml version="1.0" encoding="UTF-8"?>
<!-- Generated by org.testng.reporters.JUnitReportReporter -->
<testsuite hostname="Akshays-MacBook-Air.local" failures="0" tests="1" name="testCases.TC02_LoginTest" time="10.527" errors="0" timestamp="2025-01-31T22:42:25 IST" skipped="0">
  <testcase classname="testCases.TC02_LoginTest" name="verify_Login" time="10.527"/>
  <system-out/>
</testsuite> <!-- testCases.TC02_LoginTest -->
