<?xml version="1.0" encoding="UTF-8"?>
<!-- Generated by org.testng.reporters.JUnitReportReporter -->
<testsuite hostname="Akshays-MacBook-Air.local" failures="0" tests="3" name="testCases.TC03_SearchTest" time="6.670" errors="0" timestamp="2025-01-31T23:27:34 IST" skipped="0">
  <testcase classname="testCases.TC03_SearchTest" name="testSearchFunctionality" time="1.297"/>
  <system-out/>
  <testcase classname="testCases.TC03_SearchTest" name="testSearchFunctionality" time="0.717"/>
  <system-out/>
  <testcase classname="testCases.TC03_SearchTest" name="testSearchFunctionality" time="4.656"/>
  <system-out/>
</testsuite> <!-- testCases.TC03_SearchTest -->
