<?xml version="1.0" encoding="UTF-8"?>
<!-- Generated by org.testng.reporters.JUnitReportReporter -->
<testsuite hostname="Akshays-MacBook-Air.local" failures="0" tests="1" name="testCases.TC01_AccountRegistrationTest" time="9.936" errors="0" timestamp="2025-01-31T22:46:41 IST" skipped="0">
  <testcase classname="testCases.TC01_AccountRegistrationTest" name="Verifry_Account_Registration" time="9.936"/>
  <system-out/>
</testsuite> <!-- testCases.TC01_AccountRegistrationTest -->
