<?xml version="1.0" encoding="UTF-8"?>
<!-- Generated by org.testng.reporters.JUnitReportReporter -->
<testsuite hostname="Akshays-MacBook-Air.local" failures="0" tests="1" name="testCases.TC05_BrokenLink" time="47.448" errors="0" timestamp="2025-01-31T22:32:58 IST" skipped="0">
  <testcase classname="testCases.TC05_BrokenLink" name="validateBrokenLinks" time="47.448"/>
  <system-out/>
</testsuite> <!-- testCases.TC05_BrokenLink -->
