<?xml version="1.0" encoding="UTF-8"?>
<!-- Generated by org.testng.reporters.JUnitReportReporter -->
<testsuite hostname="Akshays-MacBook-Air.local" failures="0" tests="1" name="testCases.TC07_AddToCartTest" time="15.333" errors="0" timestamp="2025-01-31T23:27:34 IST" skipped="0">
  <testcase classname="testCases.TC07_AddToCartTest" name="testCartItemDetails" time="15.333"/>
  <system-out/>
</testsuite> <!-- testCases.TC07_AddToCartTest -->
