<?xml version="1.0" encoding="UTF-8"?>
<!-- Generated by org.testng.reporters.JUnitReportReporter -->
<testsuite hostname="Akshays-MacBook-Air.local" failures="0" tests="1" name="testCases.TC06_TestHoverAndClickAction" time="4.736" errors="0" timestamp="2025-01-31T22:32:58 IST" skipped="0">
  <testcase classname="testCases.TC06_TestHoverAndClickAction" name="testHoverAndClick" time="4.736"/>
  <system-out/>
</testsuite> <!-- testCases.TC06_TestHoverAndClickAction -->
