<?xml version="1.0" encoding="UTF-8"?>
<!-- Generated by org.testng.reporters.JUnitReportReporter -->
<testsuite hostname="Akshays-MacBook-Air.local" failures="0" tests="1" name="testCases.TC04_LoginDDT" time="0.000" errors="0" timestamp="2025-01-31T22:37:22 IST" skipped="1">
  <testcase classname="testCases.TC04_LoginDDT" name="Verify_LoginSST" time="0.000">
    <skipped/>
  </testcase> <!-- Verify_LoginSST -->
  <system-out/>
</testsuite> <!-- testCases.TC04_LoginDDT -->
