<?xml version="1.0" encoding="UTF-8"?>
<!-- Generated by org.testng.reporters.JUnitReportReporter -->
<testsuite hostname="Akshays-MacBook-Air.local" failures="0" tests="2" name="parametersTesting.TestParameters" time="78.749" errors="0" timestamp="2025-01-12T15:35:44 IST" skipped="0">
  <testcase classname="parametersTesting.TestParameters" name="applyLeave" time="49.855"/>
  <system-out/>
  <testcase classname="parametersTesting.TestParameters" name="login" time="28.894"/>
  <system-out/>
</testsuite> <!-- parametersTesting.TestParameters -->
