<?xml version="1.0" encoding="UTF-8"?>
<!-- Generated by org.testng.reporters.JUnitReportReporter -->
<testsuite hostname="Akshays-MacBook-Air.local" failures="0" tests="2" name="testNG.TestNGExecutionFlow" time="0.005" errors="0" timestamp="2025-01-14T10:19:42 IST" skipped="0">
  <testcase classname="testNG.TestNGExecutionFlow" name="testMethod2" time="0.001"/>
  <system-out/>
  <testcase classname="testNG.TestNGExecutionFlow" name="testMethod1" time="0.004"/>
  <system-out/>
</testsuite> <!-- testNG.TestNGExecutionFlow -->
