<?xml version="1.0" encoding="UTF-8"?>
<!-- Generated by org.testng.reporters.JUnitReportReporter -->
<testsuite hostname="Akshays-MacBook-Air.local" failures="0" tests="3" name="testNG.FeatureInvocationCount" time="48.211" errors="0" timestamp="2025-01-10T23:33:11 IST" skipped="0">
  <testcase classname="testNG.FeatureInvocationCount" name="Close" time="0.206"/>
  <system-out/>
  <testcase classname="testNG.FeatureInvocationCount" name="login" time="22.911"/>
  <system-out/>
  <testcase classname="testNG.FeatureInvocationCount" name="login" time="25.094"/>
  <system-out/>
</testsuite> <!-- testNG.FeatureInvocationCount -->
