<?xml version="1.0" encoding="UTF-8"?>
<!-- Generated by org.testng.reporters.JUnitReportReporter -->
<testsuite hostname="Akshays-MacBook-Air.local" failures="0" tests="3" name="testNG.TestNGAnnotations" time="58.127" errors="0" timestamp="2025-01-10T23:33:11 IST" skipped="0">
  <testcase classname="testNG.TestNGAnnotations" name="title" time="12.115"/>
  <system-out/>
  <testcase classname="testNG.TestNGAnnotations" name="VeriftyLogpresence" time="20.822"/>
  <system-out/>
  <testcase classname="testNG.TestNGAnnotations" name="login" time="25.190"/>
  <system-out/>
</testsuite> <!-- testNG.TestNGAnnotations -->
