<?xml version="1.0" encoding="UTF-8"?>
<!-- Generated by org.testng.reporters.JUnitReportReporter -->
<testsuite hostname="Akshays-MacBook-Air.local" failures="0" tests="4" name="testNG.FeatureDependsOn" time="79.654" errors="0" timestamp="2025-01-10T23:33:11 IST" skipped="0">
  <testcase classname="testNG.FeatureDependsOn" name="VeriftyLogpresence" time="20.025"/>
  <system-out/>
  <testcase classname="testNG.FeatureDependsOn" name="title" time="11.850"/>
  <system-out/>
  <testcase classname="testNG.FeatureDependsOn" name="login" time="23.808"/>
  <system-out/>
  <testcase classname="testNG.FeatureDependsOn" name="tabs" time="23.971"/>
  <system-out/>
</testsuite> <!-- testNG.FeatureDependsOn -->
