<?xml version="1.0" encoding="UTF-8"?>
<!-- Generated by org.testng.reporters.JUnitReportReporter -->
<testsuite hostname="Akshays-MacBook-Air.local" failures="0" tests="4" name="testNG.FeatureEnable" time="57.139" errors="0" timestamp="2025-01-10T23:33:11 IST" skipped="1">
  <testcase classname="testNG.FeatureEnable" name="tabs" time="23.043"/>
  <system-out/>
  <testcase classname="testNG.FeatureEnable" name="title" time="11.621"/>
  <system-out/>
  <testcase classname="testNG.FeatureEnable" name="login" time="22.475"/>
  <system-out/>
  <testcase classname="testNG.FeatureEnable" name="VeriftyLogpresence">
    <skipped/>
  </testcase> <!-- VeriftyLogpresence -->
  <system-out/>
</testsuite> <!-- testNG.FeatureEnable -->
